<?xml version="1.0" encoding="UTF-8"?>
<testng-results skipped="0" failed="0" ignored="0" total="1" passed="1">
  <reporter-output>
  </reporter-output>
  <suite name="Suite1" duration-ms="13389" started-at="2019-03-24T03:00:31Z" finished-at="2019-03-24T03:00:44Z">
    <groups>
    </groups>
    <test name="testngBasics" duration-ms="13389" started-at="2019-03-24T03:00:31Z" finished-at="2019-03-24T03:00:44Z">
      <class name="TestNGBasics.ParameterTest">
        <test-method status="PASS" signature="Logindetails(java.lang.String, java.lang.String, java.lang.String)[pri:0, instance:TestNGBasics.ParameterTest@2ef5e5e3]" name="Logindetails" duration-ms="13317" started-at="2019-03-24T03:00:31Z" finished-at="2019-03-24T03:00:44Z">
          <params>
            <param index="0">
              <value>
                <![CDATA[https://www.facebook.com/]]>
              </value>
            </param>
            <param index="1">
              <value>
                <![CDATA[lal.meenakshi@gmail.com]]>
              </value>
            </param>
            <param index="2">
              <value>
                <![CDATA[Passface1$]]>
              </value>
            </param>
          </params>
          <reporter-output>
          </reporter-output>
        </test-method> <!-- Logindetails -->
      </class> <!-- TestNGBasics.ParameterTest -->
    </test> <!-- testngBasics -->
  </suite> <!-- Suite1 -->
</testng-results>
