<?xml version="1.0" encoding="UTF-8"?>
<!-- Generated by org.testng.reporters.JUnitXMLReporter -->
<testsuite hostname="Kumar-HP" ignored="0" name="Default test" tests="10" failures="0" timestamp="21 Mar 2019 03:48:08 GMT" time="0.166" errors="0">
  <testcase name="sum" time="0.026" classname="TestNGBasics.InnvocationCountTest"/>
  <testcase name="sum" time="0.005" classname="TestNGBasics.InnvocationCountTest"/>
  <testcase name="sum" time="0.006" classname="TestNGBasics.InnvocationCountTest"/>
  <testcase name="sum" time="0.007" classname="TestNGBasics.InnvocationCountTest"/>
  <testcase name="sum" time="0.004" classname="TestNGBasics.InnvocationCountTest"/>
  <testcase name="sum" time="0.003" classname="TestNGBasics.InnvocationCountTest"/>
  <testcase name="sum" time="0.002" classname="TestNGBasics.InnvocationCountTest"/>
  <testcase name="sum" time="0.003" classname="TestNGBasics.InnvocationCountTest"/>
  <testcase name="sum" time="0.002" classname="TestNGBasics.InnvocationCountTest"/>
  <testcase name="sum" time="0.002" classname="TestNGBasics.InnvocationCountTest"/>
</testsuite> <!-- Default test -->
