<?xml version="1.0" encoding="UTF-8"?>
<!-- Generated by org.testng.reporters.JUnitXMLReporter -->
<testsuite hostname="Kumar-HP" ignored="0" name="testngBasics(failed)" tests="3" failures="1" timestamp="21 Mar 2019 17:41:58 GMT" time="0.104" errors="0">
  <testcase name="login" time="0.023" classname="TestNGBasics.DependMethod">
    <failure type="java.lang.ArithmeticException" message="/ by zero">
      <![CDATA[java.lang.ArithmeticException: / by zero
at TestNGBasics.DependMethod.login(DependMethod.java:9)
... Removed 25 stack frames]]>
    </failure>
  </testcase> <!-- login -->
  <testcase name="Homepage" time="0.0" classname="TestNGBasics.DependMethod">
    <skipped/>
  </testcase> <!-- Homepage -->
  <testcase name="search" time="0.0" classname="TestNGBasics.DependMethod">
    <skipped/>
  </testcase> <!-- search -->
</testsuite> <!-- testngBasics(failed) -->
